commit cd7362f47c04d1be79f24dd663b5096fff5ed6fe
Merge: e3d63ba 6e8c44b
Author: christophwelling <42930879+christophwelling@users.noreply.github.com>
Date:   Mon Mar 18 12:53:16 2024 -0500

    Merge pull request #26 from PUEOCollaboration/fix_above_ground_check
    
    Above ground check

commit e3d63ba080a316a4eb0f7c5faaf9a695cb35f742
Merge: eda2205 ae5e222
Author: William Luszczak <william.luszczak@icecube.wisc.edu>
Date:   Wed Feb 28 14:38:28 2024 -0500

    Merge pull request #25 from PUEOCollaboration/pulsersims
    
    Implement pulser simulations


commit ae79416e9fd037fa77a98f82cf10730bca476e0d
Merge: c27d68c c981b40
Author: christophwelling <42930879+christophwelling@users.noreply.github.com>
Date:   Mon Feb 12 13:40:08 2024 -0600

    Merge pull request #24 from PUEOCollaboration/rayleigh_distribution
    
    Adds rayleigh distribution to the RNG class


commit 5f6dffcbb154168a0b2a9872157d2b28a64519ea
Merge: 3aace5f 6e0f5a4
Author: Cosmin Deaconu <cozzyd@kicp.uchicago.edu>
Date:   Wed Feb 7 11:51:58 2024 -0600

    Merge pull request #19 from PUEOCollaboration/addPueoOutput
    
    add possiblity for multi-detector output


commit 3aace5f2ff24cf73adcaca1bdbaa2407f1a3467f
Merge: 4962c98 7f0aeba
Author: William Luszczak <william.luszczak@icecube.wisc.edu>
Date:   Wed Jan 24 14:18:58 2024 -0500

    Merge pull request #23 from PUEOCollaboration/ftpair_memory_leak
    
    Fixes memory leak in FTPair class

commit 4962c98ef091da9f97850245fa19504669352e76
Merge: 50c4104 227206d
Author: christophwelling <42930879+christophwelling@users.noreply.github.com>
Date:   Fri Dec 22 02:24:51 2023 -0600

    Merge pull request #22 from PUEOCollaboration/use_fftw
    
    Use fftw for FTPair class

commit 50c4104ddbecd76516dd32ed0654039eee8afa08
Author: Rachel Scrandis <68406111+rscrandi@users.noreply.github.com>
Date:   Fri Nov 17 16:52:43 2023 -0600

    Merge pull request #21 from PUEOCollaboration/rachel-OnlyNoiseGen
    
    Zero Signal Generator

commit a11998ca26032833ced45d53be4b68c3f44f836d
Merge: 2a14ffa 8f1416b
Author: William Luszczak <william.luszczak@icecube.wisc.edu>
Date:   Mon Aug 28 16:12:21 2023 -0400

    Merge pull request #18 from PUEOCollaboration/preamp_waveforms
    
    Added some lines to export pre-amplification chain waveforms to root file

commit 2a14ffa82c6715bc372f1dbbb3761c893dcb6329
Merge: 859bb4e 23023fe
Author: William Luszczak <william.luszczak@icecube.wisc.edu>
Date:   Mon Aug 28 10:24:41 2023 -0400

    Merge pull request #17 from PUEOCollaboration/just-the-essentials
    
    Add options to disable individual response functions, update sample rate, and various fixes for antenna and RF chain responses

commit 859bb4ec3679f60f1962b30ae36ff42cde4fd7d4
Merge: 7b0acfe a760437
Author: William Luszczak <william.luszczak@icecube.wisc.edu>
Date:   Fri May 5 14:26:34 2023 -0400

    Merge pull request #16 from PUEOCollaboration/feature/output-waveforms
    
    Merge output-waveforms branch into main

commit 7b0acfe3c790aa5fc6d23ef58926cd3249df46bc
Merge: f3880dc 63878be
Author: William Luszczak <william.luszczak@icecube.wisc.edu>
Date:   Tue Mar 7 17:15:29 2023 -0500

    Merge pull request #15 from PUEOCollaboration/flux-models
    
    Transfering flux models over from IceMC

commit f3880dc111161e1c86708771c85c66f2b2bf7ddd
Merge: 45afc82 10091df
Author: Kaeli Hughes <kaeli.autumn.hughes@gmail.com>
Date:   Thu Jan 5 11:53:34 2023 -0600

    Merge pull request #14 from PUEOCollaboration/cdr-branch
    
    Cdr branch

################################################################################################3
#
#  note: missing PR #20 for some reason